<?xml version="1.0" encoding="UTF-8"?>
<testsuite name="Input Validation Tests" tests="7" skipped="0" failures="0" errors="0" timestamp="2025-11-18T02:46:19" hostname="pop-os" time="0.039">
  <properties/>
  <testcase name="Should handle very long username" classname="io.github.HenriqueMichelini.craftalism_economy.core.validators.PlayerValidatorTest$InputValidationTests" time="0.009"/>
  <testcase name="[1] " classname="io.github.HenriqueMichelini.craftalism_economy.core.validators.PlayerValidatorTest$InputValidationTests" time="0.004"/>
  <testcase name="[2]    " classname="io.github.HenriqueMichelini.craftalism_economy.core.validators.PlayerValidatorTest$InputValidationTests" time="0.004"/>
  <testcase name="[3] &#9;&#10;  " classname="io.github.HenriqueMichelini.craftalism_economy.core.validators.PlayerValidatorTest$InputValidationTests" time="0.004"/>
  <testcase name="[4]   &#13;&#10;&#9;  " classname="io.github.HenriqueMichelini.craftalism_economy.core.validators.PlayerValidatorTest$InputValidationTests" time="0.004"/>
  <testcase name="[5] null" classname="io.github.HenriqueMichelini.craftalism_economy.core.validators.PlayerValidatorTest$InputValidationTests" time="0.006"/>
  <testcase name="Should handle unicode characters in username" classname="io.github.HenriqueMichelini.craftalism_economy.core.validators.PlayerValidatorTest$InputValidationTests" time="0.005"/>
  <system-out><![CDATA[]]></system-out>
  <system-err><![CDATA[]]></system-err>
</testsuite>
